C:\USERS\LENOVO\DOCUMENTS\SPEECH_RECOGNITION_YES_NO\DEBUG\SPEECH_RECOGNITION_YES_NO.EXE
C:\USERS\LENOVO\DOCUMENTS\SPEECH_RECOGNITION_YES_NO\DEBUG\SPEECH_RECOGNITION_YES_NO.ILK
C:\USERS\LENOVO\DOCUMENTS\SPEECH_RECOGNITION_YES_NO\DEBUG\SPEECH_RECOGNITION_YES_NO.PDB
C:\Users\Lenovo\Documents\Speech_Recognition_Yes_No\Speech_Recognition_Yes_No\Debug\cl.command.1.tlog
C:\Users\Lenovo\Documents\Speech_Recognition_Yes_No\Speech_Recognition_Yes_No\Debug\CL.read.1.tlog
C:\Users\Lenovo\Documents\Speech_Recognition_Yes_No\Speech_Recognition_Yes_No\Debug\CL.write.1.tlog
C:\Users\Lenovo\Documents\Speech_Recognition_Yes_No\Speech_Recognition_Yes_No\Debug\link.5884.read.1.tlog
C:\Users\Lenovo\Documents\Speech_Recognition_Yes_No\Speech_Recognition_Yes_No\Debug\link.5884.write.1.tlog
C:\Users\Lenovo\Documents\Speech_Recognition_Yes_No\Speech_Recognition_Yes_No\Debug\link.5884-cvtres.read.1.tlog
C:\Users\Lenovo\Documents\Speech_Recognition_Yes_No\Speech_Recognition_Yes_No\Debug\link.5884-cvtres.write.1.tlog
C:\Users\Lenovo\Documents\Speech_Recognition_Yes_No\Speech_Recognition_Yes_No\Debug\link.command.1.tlog
C:\Users\Lenovo\Documents\Speech_Recognition_Yes_No\Speech_Recognition_Yes_No\Debug\link.read.1.tlog
C:\Users\Lenovo\Documents\Speech_Recognition_Yes_No\Speech_Recognition_Yes_No\Debug\link.write.1.tlog
C:\Users\Lenovo\Documents\Speech_Recognition_Yes_No\Speech_Recognition_Yes_No\Debug\link-cvtres.read.1.tlog
C:\Users\Lenovo\Documents\Speech_Recognition_Yes_No\Speech_Recognition_Yes_No\Debug\link-cvtres.write.1.tlog
C:\Users\Lenovo\Documents\Speech_Recognition_Yes_No\Speech_Recognition_Yes_No\Debug\mt.command.1.tlog
C:\Users\Lenovo\Documents\Speech_Recognition_Yes_No\Speech_Recognition_Yes_No\Debug\mt.read.1.tlog
C:\Users\Lenovo\Documents\Speech_Recognition_Yes_No\Speech_Recognition_Yes_No\Debug\mt.write.1.tlog
C:\Users\Lenovo\Documents\Speech_Recognition_Yes_No\Speech_Recognition_Yes_No\Debug\rc.command.1.tlog
C:\Users\Lenovo\Documents\Speech_Recognition_Yes_No\Speech_Recognition_Yes_No\Debug\rc.read.1.tlog
C:\Users\Lenovo\Documents\Speech_Recognition_Yes_No\Speech_Recognition_Yes_No\Debug\rc.write.1.tlog
C:\USERS\LENOVO\DOCUMENTS\SPEECH_RECOGNITION_YES_NO\SPEECH_RECOGNITION_YES_NO\DEBUG\SPEECH_RECOGNITION_YES_NO.EXE.EMBED.MANIFEST
C:\USERS\LENOVO\DOCUMENTS\SPEECH_RECOGNITION_YES_NO\SPEECH_RECOGNITION_YES_NO\DEBUG\SPEECH_RECOGNITION_YES_NO.EXE.EMBED.MANIFEST.RES
C:\USERS\LENOVO\DOCUMENTS\SPEECH_RECOGNITION_YES_NO\SPEECH_RECOGNITION_YES_NO\DEBUG\SPEECH_RECOGNITION_YES_NO.EXE.INTERMEDIATE.MANIFEST
C:\USERS\LENOVO\DOCUMENTS\SPEECH_RECOGNITION_YES_NO\SPEECH_RECOGNITION_YES_NO\DEBUG\SPEECH_RECOGNITION_YES_NO.OBJ
C:\USERS\LENOVO\DOCUMENTS\SPEECH_RECOGNITION_YES_NO\SPEECH_RECOGNITION_YES_NO\DEBUG\SPEECH_RECOGNITION_YES_NO.PCH
C:\Users\Lenovo\Documents\Speech_Recognition_Yes_No\Speech_Recognition_Yes_No\Debug\Speech_Recognition_Yes_No.vcxprojResolveAssemblyReference.cache
C:\Users\Lenovo\Documents\Speech_Recognition_Yes_No\Speech_Recognition_Yes_No\Debug\Speech_Recognition_Yes_No.write.1.tlog
C:\Users\Lenovo\Documents\Speech_Recognition_Yes_No\Speech_Recognition_Yes_No\Debug\Speech_Recognition_Yes_No_manifest.rc
C:\USERS\LENOVO\DOCUMENTS\SPEECH_RECOGNITION_YES_NO\SPEECH_RECOGNITION_YES_NO\DEBUG\STDAFX.OBJ
C:\Users\Lenovo\Documents\Speech_Recognition_Yes_No\Speech_Recognition_Yes_No\Debug\vc100.idb
C:\USERS\LENOVO\DOCUMENTS\SPEECH_RECOGNITION_YES_NO\SPEECH_RECOGNITION_YES_NO\DEBUG\VC100.PDB
