C:\USERS\LENOVO\DOCUMENTS\SPEECH RECOGNITION\LBG\DEBUG\LBG.EXE
C:\USERS\LENOVO\DOCUMENTS\SPEECH RECOGNITION\LBG\DEBUG\LBG.ILK
C:\USERS\LENOVO\DOCUMENTS\SPEECH RECOGNITION\LBG\DEBUG\LBG.PDB
C:\Users\Lenovo\Documents\Speech Recognition\LBG\LBG\Debug\cl.command.1.tlog
C:\Users\Lenovo\Documents\Speech Recognition\LBG\LBG\Debug\CL.read.1.tlog
C:\Users\Lenovo\Documents\Speech Recognition\LBG\LBG\Debug\CL.write.1.tlog
C:\USERS\LENOVO\DOCUMENTS\SPEECH RECOGNITION\LBG\LBG\DEBUG\LBG.EXE.EMBED.MANIFEST
C:\USERS\LENOVO\DOCUMENTS\SPEECH RECOGNITION\LBG\LBG\DEBUG\LBG.EXE.EMBED.MANIFEST.RES
C:\USERS\LENOVO\DOCUMENTS\SPEECH RECOGNITION\LBG\LBG\DEBUG\LBG.EXE.INTERMEDIATE.MANIFEST
C:\USERS\LENOVO\DOCUMENTS\SPEECH RECOGNITION\LBG\LBG\DEBUG\LBG.OBJ
C:\USERS\LENOVO\DOCUMENTS\SPEECH RECOGNITION\LBG\LBG\DEBUG\LBG.PCH
C:\Users\Lenovo\Documents\Speech Recognition\LBG\LBG\Debug\LBG.write.1.tlog
C:\Users\Lenovo\Documents\Speech Recognition\LBG\LBG\Debug\LBG_manifest.rc
C:\Users\Lenovo\Documents\Speech Recognition\LBG\LBG\Debug\link.7740.read.1.tlog
C:\Users\Lenovo\Documents\Speech Recognition\LBG\LBG\Debug\link.7740.write.1.tlog
C:\Users\Lenovo\Documents\Speech Recognition\LBG\LBG\Debug\link.7740-cvtres.read.1.tlog
C:\Users\Lenovo\Documents\Speech Recognition\LBG\LBG\Debug\link.7740-cvtres.write.1.tlog
C:\Users\Lenovo\Documents\Speech Recognition\LBG\LBG\Debug\link.command.1.tlog
C:\Users\Lenovo\Documents\Speech Recognition\LBG\LBG\Debug\link.read.1.tlog
C:\Users\Lenovo\Documents\Speech Recognition\LBG\LBG\Debug\link.write.1.tlog
C:\Users\Lenovo\Documents\Speech Recognition\LBG\LBG\Debug\link-cvtres.read.1.tlog
C:\Users\Lenovo\Documents\Speech Recognition\LBG\LBG\Debug\link-cvtres.write.1.tlog
C:\Users\Lenovo\Documents\Speech Recognition\LBG\LBG\Debug\mt.command.1.tlog
C:\Users\Lenovo\Documents\Speech Recognition\LBG\LBG\Debug\mt.read.1.tlog
C:\Users\Lenovo\Documents\Speech Recognition\LBG\LBG\Debug\mt.write.1.tlog
C:\Users\Lenovo\Documents\Speech Recognition\LBG\LBG\Debug\rc.command.1.tlog
C:\Users\Lenovo\Documents\Speech Recognition\LBG\LBG\Debug\rc.read.1.tlog
C:\Users\Lenovo\Documents\Speech Recognition\LBG\LBG\Debug\rc.write.1.tlog
C:\USERS\LENOVO\DOCUMENTS\SPEECH RECOGNITION\LBG\LBG\DEBUG\STDAFX.OBJ
C:\Users\Lenovo\Documents\Speech Recognition\LBG\LBG\Debug\vc100.idb
C:\USERS\LENOVO\DOCUMENTS\SPEECH RECOGNITION\LBG\LBG\DEBUG\VC100.PDB
