C:\USERS\LENOVO\DOCUMENTS\SPEECH RECOGNITION\K_MEANS\DEBUG\K_MEANS.EXE
C:\USERS\LENOVO\DOCUMENTS\SPEECH RECOGNITION\K_MEANS\DEBUG\K_MEANS.ILK
C:\USERS\LENOVO\DOCUMENTS\SPEECH RECOGNITION\K_MEANS\DEBUG\K_MEANS.PDB
C:\Users\Lenovo\Documents\Speech Recognition\K_Means\K_Means\Debug\cl.command.1.tlog
C:\Users\Lenovo\Documents\Speech Recognition\K_Means\K_Means\Debug\CL.read.1.tlog
C:\Users\Lenovo\Documents\Speech Recognition\K_Means\K_Means\Debug\CL.write.1.tlog
C:\USERS\LENOVO\DOCUMENTS\SPEECH RECOGNITION\K_MEANS\K_MEANS\DEBUG\K_MEANS.EXE.EMBED.MANIFEST
C:\USERS\LENOVO\DOCUMENTS\SPEECH RECOGNITION\K_MEANS\K_MEANS\DEBUG\K_MEANS.EXE.EMBED.MANIFEST.RES
C:\USERS\LENOVO\DOCUMENTS\SPEECH RECOGNITION\K_MEANS\K_MEANS\DEBUG\K_MEANS.EXE.INTERMEDIATE.MANIFEST
C:\USERS\LENOVO\DOCUMENTS\SPEECH RECOGNITION\K_MEANS\K_MEANS\DEBUG\K_MEANS.OBJ
C:\USERS\LENOVO\DOCUMENTS\SPEECH RECOGNITION\K_MEANS\K_MEANS\DEBUG\K_MEANS.PCH
C:\Users\Lenovo\Documents\Speech Recognition\K_Means\K_Means\Debug\K_Means.write.1.tlog
C:\Users\Lenovo\Documents\Speech Recognition\K_Means\K_Means\Debug\K_Means_manifest.rc
C:\Users\Lenovo\Documents\Speech Recognition\K_Means\K_Means\Debug\link.7600.read.1.tlog
C:\Users\Lenovo\Documents\Speech Recognition\K_Means\K_Means\Debug\link.7600.write.1.tlog
C:\Users\Lenovo\Documents\Speech Recognition\K_Means\K_Means\Debug\link.7600-cvtres.read.1.tlog
C:\Users\Lenovo\Documents\Speech Recognition\K_Means\K_Means\Debug\link.7600-cvtres.write.1.tlog
C:\Users\Lenovo\Documents\Speech Recognition\K_Means\K_Means\Debug\link.command.1.tlog
C:\Users\Lenovo\Documents\Speech Recognition\K_Means\K_Means\Debug\link.read.1.tlog
C:\Users\Lenovo\Documents\Speech Recognition\K_Means\K_Means\Debug\link.write.1.tlog
C:\Users\Lenovo\Documents\Speech Recognition\K_Means\K_Means\Debug\link-cvtres.read.1.tlog
C:\Users\Lenovo\Documents\Speech Recognition\K_Means\K_Means\Debug\link-cvtres.write.1.tlog
C:\Users\Lenovo\Documents\Speech Recognition\K_Means\K_Means\Debug\mt.command.1.tlog
C:\Users\Lenovo\Documents\Speech Recognition\K_Means\K_Means\Debug\mt.read.1.tlog
C:\Users\Lenovo\Documents\Speech Recognition\K_Means\K_Means\Debug\mt.write.1.tlog
C:\Users\Lenovo\Documents\Speech Recognition\K_Means\K_Means\Debug\rc.command.1.tlog
C:\Users\Lenovo\Documents\Speech Recognition\K_Means\K_Means\Debug\rc.read.1.tlog
C:\Users\Lenovo\Documents\Speech Recognition\K_Means\K_Means\Debug\rc.write.1.tlog
C:\USERS\LENOVO\DOCUMENTS\SPEECH RECOGNITION\K_MEANS\K_MEANS\DEBUG\STDAFX.OBJ
C:\Users\Lenovo\Documents\Speech Recognition\K_Means\K_Means\Debug\vc100.idb
C:\USERS\LENOVO\DOCUMENTS\SPEECH RECOGNITION\K_MEANS\K_MEANS\DEBUG\VC100.PDB
