Build started 25-Oct-20 2:44:00 PM.
     1>Project "C:\Users\Lenovo\Documents\Speech Recognition\Vowel_Recognition\Vowel_Recognition\Vowel_Recognition.vcxproj" on node 2 (build target(s)).
     1>InitializeBuildStatus:
         Creating "Debug\Vowel_Recognition.unsuccessfulbuild" because "AlwaysCreate" was specified.
       ClCompile:
         All outputs are up-to-date.
         C:\Program Files (x86)\Microsoft Visual Studio 10.0\VC\bin\CL.exe /c /ZI /nologo /W3 /WX- /Od /Oy- /D WIN32 /D _DEBUG /D _CONSOLE /D _UNICODE /D UNICODE /Gm /EHsc /RTC1 /MDd /GS /fp:precise /Zc:wchar_t /Zc:forScope /Yu"StdAfx.h" /Fp"Debug\Vowel_Recognition.pch" /Fo"Debug\\" /Fd"Debug\vc100.pdb" /Gd /TP /analyze- /errorReport:prompt Vowel_Recognition.cpp
         Vowel_Recognition.cpp
       ManifestResourceCompile:
         All outputs are up-to-date.
       Link:
         C:\Program Files (x86)\Microsoft Visual Studio 10.0\VC\bin\link.exe /ERRORREPORT:PROMPT /OUT:"C:\Users\Lenovo\Documents\Speech Recognition\Vowel_Recognition\Debug\Vowel_Recognition.exe" /INCREMENTAL /NOLOGO kernel32.lib user32.lib gdi32.lib winspool.lib comdlg32.lib advapi32.lib shell32.lib ole32.lib oleaut32.lib uuid.lib odbc32.lib odbccp32.lib /MANIFEST /ManifestFile:"Debug\Vowel_Recognition.exe.intermediate.manifest" /MANIFESTUAC:"level='asInvoker' uiAccess='false'" /DEBUG /PDB:"C:\Users\Lenovo\Documents\Speech Recognition\Vowel_Recognition\Debug\Vowel_Recognition.pdb" /SUBSYSTEM:CONSOLE /TLBID:1 /DYNAMICBASE /NXCOMPAT /IMPLIB:"C:\Users\Lenovo\Documents\Speech Recognition\Vowel_Recognition\Debug\Vowel_Recognition.lib" /MACHINE:X86 Debug\Vowel_Recognition.exe.embed.manifest.res
         Debug\stdafx.obj
         Debug\Vowel_Recognition.obj
       Manifest:
         C:\Program Files (x86)\Microsoft SDKs\Windows\v7.0A\bin\mt.exe /nologo /verbose /out:"Debug\Vowel_Recognition.exe.embed.manifest" /manifest Debug\Vowel_Recognition.exe.intermediate.manifest
         All outputs are up-to-date.
       LinkEmbedManifest:
         All outputs are up-to-date.
         Vowel_Recognition.vcxproj -> C:\Users\Lenovo\Documents\Speech Recognition\Vowel_Recognition\Debug\Vowel_Recognition.exe
       FinalizeBuildStatus:
         Deleting file "Debug\Vowel_Recognition.unsuccessfulbuild".
         Touching "Debug\Vowel_Recognition.lastbuildstate".
     1>Done Building Project "C:\Users\Lenovo\Documents\Speech Recognition\Vowel_Recognition\Vowel_Recognition\Vowel_Recognition.vcxproj" (build target(s)).

Build succeeded.

Time Elapsed 00:00:01.27
