C:\USERS\LENOVO\DOCUMENTS\SPEECH RECOGNITION\VOWEL_RECOGNITION\DEBUG\VOWEL_RECOGNITION.EXE
C:\USERS\LENOVO\DOCUMENTS\SPEECH RECOGNITION\VOWEL_RECOGNITION\DEBUG\VOWEL_RECOGNITION.ILK
C:\USERS\LENOVO\DOCUMENTS\SPEECH RECOGNITION\VOWEL_RECOGNITION\DEBUG\VOWEL_RECOGNITION.PDB
C:\Users\Lenovo\Documents\Speech Recognition\Vowel_Recognition\Vowel_Recognition\Debug\cl.command.1.tlog
C:\Users\Lenovo\Documents\Speech Recognition\Vowel_Recognition\Vowel_Recognition\Debug\CL.read.1.tlog
C:\Users\Lenovo\Documents\Speech Recognition\Vowel_Recognition\Vowel_Recognition\Debug\CL.write.1.tlog
C:\Users\Lenovo\Documents\Speech Recognition\Vowel_Recognition\Vowel_Recognition\Debug\link.14640.read.1.tlog
C:\Users\Lenovo\Documents\Speech Recognition\Vowel_Recognition\Vowel_Recognition\Debug\link.14640.write.1.tlog
C:\Users\Lenovo\Documents\Speech Recognition\Vowel_Recognition\Vowel_Recognition\Debug\link.14640-cvtres.read.1.tlog
C:\Users\Lenovo\Documents\Speech Recognition\Vowel_Recognition\Vowel_Recognition\Debug\link.14640-cvtres.write.1.tlog
C:\Users\Lenovo\Documents\Speech Recognition\Vowel_Recognition\Vowel_Recognition\Debug\link.command.1.tlog
C:\Users\Lenovo\Documents\Speech Recognition\Vowel_Recognition\Vowel_Recognition\Debug\link.read.1.tlog
C:\Users\Lenovo\Documents\Speech Recognition\Vowel_Recognition\Vowel_Recognition\Debug\link.write.1.tlog
C:\Users\Lenovo\Documents\Speech Recognition\Vowel_Recognition\Vowel_Recognition\Debug\link-cvtres.read.1.tlog
C:\Users\Lenovo\Documents\Speech Recognition\Vowel_Recognition\Vowel_Recognition\Debug\link-cvtres.write.1.tlog
C:\Users\Lenovo\Documents\Speech Recognition\Vowel_Recognition\Vowel_Recognition\Debug\mt.command.1.tlog
C:\Users\Lenovo\Documents\Speech Recognition\Vowel_Recognition\Vowel_Recognition\Debug\mt.read.1.tlog
C:\Users\Lenovo\Documents\Speech Recognition\Vowel_Recognition\Vowel_Recognition\Debug\mt.write.1.tlog
C:\Users\Lenovo\Documents\Speech Recognition\Vowel_Recognition\Vowel_Recognition\Debug\rc.command.1.tlog
C:\Users\Lenovo\Documents\Speech Recognition\Vowel_Recognition\Vowel_Recognition\Debug\rc.read.1.tlog
C:\Users\Lenovo\Documents\Speech Recognition\Vowel_Recognition\Vowel_Recognition\Debug\rc.write.1.tlog
C:\USERS\LENOVO\DOCUMENTS\SPEECH RECOGNITION\VOWEL_RECOGNITION\VOWEL_RECOGNITION\DEBUG\STDAFX.OBJ
C:\Users\Lenovo\Documents\Speech Recognition\Vowel_Recognition\Vowel_Recognition\Debug\vc100.idb
C:\USERS\LENOVO\DOCUMENTS\SPEECH RECOGNITION\VOWEL_RECOGNITION\VOWEL_RECOGNITION\DEBUG\VC100.PDB
C:\USERS\LENOVO\DOCUMENTS\SPEECH RECOGNITION\VOWEL_RECOGNITION\VOWEL_RECOGNITION\DEBUG\VOWEL_RECOGNITION.EXE.EMBED.MANIFEST
C:\USERS\LENOVO\DOCUMENTS\SPEECH RECOGNITION\VOWEL_RECOGNITION\VOWEL_RECOGNITION\DEBUG\VOWEL_RECOGNITION.EXE.EMBED.MANIFEST.RES
C:\USERS\LENOVO\DOCUMENTS\SPEECH RECOGNITION\VOWEL_RECOGNITION\VOWEL_RECOGNITION\DEBUG\VOWEL_RECOGNITION.EXE.INTERMEDIATE.MANIFEST
C:\USERS\LENOVO\DOCUMENTS\SPEECH RECOGNITION\VOWEL_RECOGNITION\VOWEL_RECOGNITION\DEBUG\VOWEL_RECOGNITION.OBJ
C:\USERS\LENOVO\DOCUMENTS\SPEECH RECOGNITION\VOWEL_RECOGNITION\VOWEL_RECOGNITION\DEBUG\VOWEL_RECOGNITION.PCH
C:\Users\Lenovo\Documents\Speech Recognition\Vowel_Recognition\Vowel_Recognition\Debug\Vowel_Recognition.write.1.tlog
C:\Users\Lenovo\Documents\Speech Recognition\Vowel_Recognition\Vowel_Recognition\Debug\Vowel_Recognition_manifest.rc
